joussen@debian.org
madduck@debian.org
dag@wieers.com
papez@arnes.si
bdschuym@pandora.be
miquels@cistron.nl
hmh@rcm.org
rleigh@debian.org
tytso@mit.edu
rmurray@debian.org
walters@debian.org
sjoerd@debian.org
biebl@debian.org
christian@iwakd.de
beattie@canonical.com
kees@ubuntu.com
dhowells@redhat.com
64@openssh.com
alex@googlemail.com
apw@canonical.com
howard@canonical.com
adconrad@canonical.com
howard@canonical.com
and1000@debian.org
paul@debian.org
jtang@tresys.com
howard@canonical.com
moser@ubuntu.com
gunnarhj@ubuntu.com
kirkland@byobu.org
kahan@informatik.tu
ajt@debian.org
kirkland@canonical.com
langasek@canonical.com
kirkland@canonical.com
brian@canonical.com
kirkland@canonical.com
user@example.com
ftpmaster@ubuntu.com
ftpmaster@ubuntu.com
cdimage@ubuntu.com
madduck@madduck.net
intrigeri@boum.org
jamie@canonical.com
